Starting server with Config HP="127.0.0.1:13774"|T="28800000"|R="false"|L="info"
time="2026-03-01T16:00:21-05:00" level=info msg="Creating root@localhost superuser"
time="2026-03-01T16:00:21-05:00" level=info msg="Server ready. Accepting connections."
time="2026-03-01T16:00:21-05:00" level=warning msg="secure_file_priv is set to \"\", which is insecure."
time="2026-03-01T16:00:21-05:00" level=warning msg="Any user with GRANT FILE privileges will be able to read any file which the sql-server process can read."
time="2026-03-01T16:00:21-05:00" level=warning msg="Please consider restarting the server with secure_file_priv set to a safe (or non-existent) directory."
time="2026-03-01T16:00:22-05:00" level=info msg=NewConnection DisableClientMultiStatements=false connectionID=1
time="2026-03-01T16:00:22-05:00" level=info msg=ConnectionClosed connectionID=1
time="2026-03-01T16:00:22-05:00" level=info msg=NewConnection DisableClientMultiStatements=false connectionID=2
time="2026-03-01T16:00:22-05:00" level=info msg=ConnectionClosed connectionID=2
time="2026-03-01T16:00:22-05:00" level=info msg=NewConnection DisableClientMultiStatements=false connectionID=3
time="2026-03-01T16:00:22-05:00" level=info msg=NewConnection DisableClientMultiStatements=false connectionID=4
time="2026-03-01T16:00:22-05:00" level=info msg=ConnectionClosed connectionID=3
time="2026-03-01T16:00:22-05:00" level=warning msg="error running query" connectTime="2026-03-01 16:00:22.083672 -0500 EST m=+0.502689959" connectionDb=beads_solar-controller connectionID=4 error="Duplicate key name 'idx_issues_issue_type'" queryTime="2026-03-01 16:00:22.097413 -0500 EST m=+0.516431084"
time="2026-03-01T16:00:22-05:00" level=warning msg="error running query" connectTime="2026-03-01 16:00:22.083672 -0500 EST m=+0.502689959" connectionDb=beads_solar-controller connectionID=4 error="foreign key `fk_dep_depends_on` was not found on the table `dependencies`" queryTime="2026-03-01 16:00:22.09769 -0500 EST m=+0.516708251"
time="2026-03-01T16:00:22-05:00" level=info msg=ConnectionClosed connectionID=4
time="2026-03-01T16:00:22-05:00" level=info msg=NewConnection DisableClientMultiStatements=false connectionID=5
time="2026-03-01T16:00:22-05:00" level=info msg=ConnectionClosed connectionID=5
time="2026-03-01T16:00:22-05:00" level=info msg=NewConnection DisableClientMultiStatements=false connectionID=6
time="2026-03-01T16:00:22-05:00" level=info msg=NewConnection DisableClientMultiStatements=false connectionID=7
time="2026-03-01T16:00:22-05:00" level=info msg=ConnectionClosed connectionID=6
time="2026-03-01T16:00:22-05:00" level=info msg=ConnectionClosed connectionID=7
time="2026-03-01T16:00:57-05:00" level=info msg=NewConnection DisableClientMultiStatements=false connectionID=8
time="2026-03-01T16:00:57-05:00" level=info msg=ConnectionClosed connectionID=8
time="2026-03-01T16:00:57-05:00" level=info msg=NewConnection DisableClientMultiStatements=false connectionID=9
time="2026-03-01T16:00:57-05:00" level=info msg=NewConnection DisableClientMultiStatements=false connectionID=10
time="2026-03-01T16:00:57-05:00" level=info msg=ConnectionClosed connectionID=9
time="2026-03-01T16:00:57-05:00" level=info msg=ConnectionClosed connectionID=10
